<?xml version="1.0" encoding="UTF-8"?>
<!-- Generated by org.testng.reporters.JUnitReportReporter -->
<testsuite skipped="0" hostname="DIVYAANSH" name="ExtentReport" tests="5" failures="0" timestamp="2021-04-04T21:09:40 IST" time="1.569" errors="0">
  <testcase name="clickOnlogin" time="0.186" classname="ExtentReport"/>
  <system-out/>
  <testcase name="Number" time="0.128" classname="ExtentReport"/>
  <system-out/>
  <testcase name="ContinueButton" time="0.165" classname="ExtentReport"/>
  <system-out/>
  <testcase name="PassCode" time="0.964" classname="ExtentReport"/>
  <system-out/>
  <testcase name="LogIn" time="0.126" classname="ExtentReport"/>
  <system-out/>
</testsuite> <!-- ExtentReport -->
